<?xml version="1.0" encoding="UTF-8"?>
<testng-results skipped="0" failed="0" ignored="0" total="1" passed="1">
  <reporter-output>
  </reporter-output>
  <suite name="Default suite" duration-ms="143371" started-at="2020-05-26T10:33:04 IST" finished-at="2020-05-26T10:35:28 IST">
    <groups>
    </groups>
    <test name="Default test" duration-ms="143371" started-at="2020-05-26T10:33:04 IST" finished-at="2020-05-26T10:35:28 IST">
      <class name="MMT_Script.CaseStudy">
        <test-method status="PASS" signature="initialize()[pri:0, instance:MMT_Script.CaseStudy@23e028a9]" name="initialize" is-config="true" duration-ms="4777" started-at="2020-05-26T10:33:04 IST" finished-at="2020-05-26T10:33:09 IST">
          <reporter-output>
          </reporter-output>
        </test-method> <!-- initialize -->
        <test-method status="PASS" signature="basePageNavigation()[pri:0, instance:MMT_Script.CaseStudy@23e028a9]" name="basePageNavigation" duration-ms="138513" started-at="2020-05-26T10:33:09 IST" finished-at="2020-05-26T10:35:28 IST">
          <reporter-output>
          </reporter-output>
        </test-method> <!-- basePageNavigation -->
      </class> <!-- MMT_Script.CaseStudy -->
    </test> <!-- Default test -->
  </suite> <!-- Default suite -->
</testng-results>
